opt
etc/asound.conf
etc/group
etc/gshadow
etc/passwd
etc/shadow
/usr/local/etc/hostapd.conf
usr/local/etc/ssh/ssh_host_dsa_key
usr/local/etc/ssh/ssh_host_dsa_key.pub
usr/local/etc/ssh/ssh_host_ecdsa_key
usr/local/etc/ssh/ssh_host_ecdsa_key.pub
usr/local/etc/ssh/ssh_host_ed25519_key
usr/local/etc/ssh/ssh_host_ed25519_key.pub
usr/local/etc/ssh/ssh_host_rsa_key
usr/local/etc/ssh/ssh_host_rsa_key.pub
/usr/local/etc/ssh
/etc/shadow
/home/tc/.ssh/
/root/pbkr
/usr/local/lib/libmpfr.so.4
/etc/udhcpd.conf
