c:\users\mao\documents\arduino\rasberry\projects\playbacker\_vst\wdl\lice\build-win\win32\debug\lice.pdb
c:\users\mao\documents\arduino\rasberry\projects\playbacker\_vst\wdl\lice\build-win\win32\debug\lice.idb
c:\users\mao\documents\arduino\rasberry\projects\playbacker\_vst\wdl\lice\build-win\win32\debug\gzclose.obj
c:\users\mao\documents\arduino\rasberry\projects\playbacker\_vst\wdl\lice\build-win\win32\debug\deflate.obj
c:\users\mao\documents\arduino\rasberry\projects\playbacker\_vst\wdl\lice\build-win\win32\debug\crc32.obj
c:\users\mao\documents\arduino\rasberry\projects\playbacker\_vst\wdl\lice\build-win\win32\debug\compress.obj
c:\users\mao\documents\arduino\rasberry\projects\playbacker\_vst\wdl\lice\build-win\win32\debug\adler32.obj
c:\users\mao\documents\arduino\rasberry\projects\playbacker\_vst\wdl\lice\build-win\win32\debug\pngwutil.obj
c:\users\mao\documents\arduino\rasberry\projects\playbacker\_vst\wdl\lice\build-win\win32\debug\pngwtran.obj
c:\users\mao\documents\arduino\rasberry\projects\playbacker\_vst\wdl\lice\build-win\win32\debug\pngwrite.obj
c:\users\mao\documents\arduino\rasberry\projects\playbacker\_vst\wdl\lice\build-win\win32\debug\pngwio.obj
c:\users\mao\documents\arduino\rasberry\projects\playbacker\_vst\wdl\lice\build-win\win32\debug\pngtrans.obj
c:\users\mao\documents\arduino\rasberry\projects\playbacker\_vst\wdl\lice\build-win\win32\debug\pngset.obj
c:\users\mao\documents\arduino\rasberry\projects\playbacker\_vst\wdl\lice\build-win\win32\debug\pngrutil.obj
c:\users\mao\documents\arduino\rasberry\projects\playbacker\_vst\wdl\lice\build-win\win32\debug\pngrtran.obj
c:\users\mao\documents\arduino\rasberry\projects\playbacker\_vst\wdl\lice\build-win\win32\debug\pngrio.obj
c:\users\mao\documents\arduino\rasberry\projects\playbacker\_vst\wdl\lice\build-win\win32\debug\pngread.obj
c:\users\mao\documents\arduino\rasberry\projects\playbacker\_vst\wdl\lice\build-win\win32\debug\pngpread.obj
c:\users\mao\documents\arduino\rasberry\projects\playbacker\_vst\wdl\lice\build-win\win32\debug\pngmem.obj
c:\users\mao\documents\arduino\rasberry\projects\playbacker\_vst\wdl\lice\build-win\win32\debug\pngget.obj
c:\users\mao\documents\arduino\rasberry\projects\playbacker\_vst\wdl\lice\build-win\win32\debug\pngerror.obj
c:\users\mao\documents\arduino\rasberry\projects\playbacker\_vst\wdl\lice\build-win\win32\debug\png.obj
c:\users\mao\documents\arduino\rasberry\projects\playbacker\_vst\wdl\lice\build-win\win32\debug\zutil.obj
c:\users\mao\documents\arduino\rasberry\projects\playbacker\_vst\wdl\lice\build-win\win32\debug\uncompr.obj
c:\users\mao\documents\arduino\rasberry\projects\playbacker\_vst\wdl\lice\build-win\win32\debug\trees.obj
c:\users\mao\documents\arduino\rasberry\projects\playbacker\_vst\wdl\lice\build-win\win32\debug\inftrees.obj
c:\users\mao\documents\arduino\rasberry\projects\playbacker\_vst\wdl\lice\build-win\win32\debug\inflate.obj
c:\users\mao\documents\arduino\rasberry\projects\playbacker\_vst\wdl\lice\build-win\win32\debug\inffast.obj
c:\users\mao\documents\arduino\rasberry\projects\playbacker\_vst\wdl\lice\build-win\win32\debug\infback.obj
c:\users\mao\documents\arduino\rasberry\projects\playbacker\_vst\wdl\lice\build-win\win32\debug\gzwrite.obj
c:\users\mao\documents\arduino\rasberry\projects\playbacker\_vst\wdl\lice\build-win\win32\debug\gzread.obj
c:\users\mao\documents\arduino\rasberry\projects\playbacker\_vst\wdl\lice\build-win\win32\debug\gzlib.obj
c:\users\mao\documents\arduino\rasberry\projects\playbacker\_vst\wdl\lice\build-win\win32\debug\lice_textnew.obj
c:\users\mao\documents\arduino\rasberry\projects\playbacker\_vst\wdl\lice\build-win\win32\debug\lice_texgen.obj
c:\users\mao\documents\arduino\rasberry\projects\playbacker\_vst\wdl\lice\build-win\win32\debug\lice_png.obj
c:\users\mao\documents\arduino\rasberry\projects\playbacker\_vst\wdl\lice\build-win\win32\debug\lice_palette.obj
c:\users\mao\documents\arduino\rasberry\projects\playbacker\_vst\wdl\lice\build-win\win32\debug\lice_line.obj
c:\users\mao\documents\arduino\rasberry\projects\playbacker\_vst\wdl\lice\build-win\win32\debug\lice_colorspace.obj
c:\users\mao\documents\arduino\rasberry\projects\playbacker\_vst\wdl\lice\build-win\win32\debug\lice_arc.obj
c:\users\mao\documents\arduino\rasberry\projects\playbacker\_vst\wdl\lice\build-win\win32\debug\lice.obj
c:\users\mao\documents\arduino\rasberry\projects\playbacker\_vst\wdl\lice\build-win\win32\debug\lice.lib
c:\users\mao\documents\arduino\rasberry\projects\playbacker\_vst\wdl\lice\build-win\win32\debug\lice.tlog\cl.command.1.tlog
c:\users\mao\documents\arduino\rasberry\projects\playbacker\_vst\wdl\lice\build-win\win32\debug\lice.tlog\cl.read.1.tlog
c:\users\mao\documents\arduino\rasberry\projects\playbacker\_vst\wdl\lice\build-win\win32\debug\lice.tlog\cl.write.1.tlog
c:\users\mao\documents\arduino\rasberry\projects\playbacker\_vst\wdl\lice\build-win\win32\debug\lice.tlog\lib-link.read.1.tlog
c:\users\mao\documents\arduino\rasberry\projects\playbacker\_vst\wdl\lice\build-win\win32\debug\lice.tlog\lib-link.write.1.tlog
c:\users\mao\documents\arduino\rasberry\projects\playbacker\_vst\wdl\lice\build-win\win32\debug\lice.tlog\lib.command.1.tlog
